n/IMG_5835.JPG
n/IMG_58352.JPG
n/IMG_58351.JPG
n/IMG_58361.JPG
n/IMG_5837.JPG
n/IMG_5838.JPG
n/IMG_5839.JPG
n/IMG_5840.JPG
n/IMG_5841.JPG
n/IMG_5843.JPG
n/IMG_58431.JPG
n/IMG_5844.JPG
n/IMG_5845.JPG
n/IMG_5846.JPG
n/IMG_5847.JPG
n/IMG_5848.JPG
n/IMG_5849.JPG
n/IMG_5850.JPG
n/IMG_58510.JPG
n/IMG_5851.JPG
n/IMG_8858.JPG
n/IMG_8859.JPG
n/IMG_8860.JPG
n/IMG_8861.JPG
n/IMG_8862.JPG
n/IMG_8863.JPG
n/IMG_8864.JPG
n/IMG_8865.JPG
n/IMG_8866.JPG
n/IMG_8868.JPG
n/IMG_8869.JPG
n/IMG_8870.JPG
n/IMG_8872.JPG
n/IMG_8873.JPG
n/IMG_8875.JPG
n/IMG_8876.JPG
n/IMG_8877.JPG
n/IMG_8878.JPG
n/IMG_8879.JPG
n/IMG_8880.JPG
n/IMG_8881.JPG
n/IMG_8882.JPG
n/IMG_8883.JPG
n/IMG_8884.JPG
n/IMG_8885.JPG
n/IMG_8886.JPG
n/IMG_8887.JPG
n/IMG_8888.JPG
n/IMG_8889.JPG
n/IMG_8890.JPG
n/IMG_8891.JPG
n/IMG_8892.JPG
n/IMG_8893.JPG
n/IMG_8894.JPG
n/IMG_8895.JPG
n/IMG_8896.JPG
n/IMG_8897.JPG
n/IMG_8898.JPG
n/IMG_8900.JPG
n/IMG_8902.JPG
n/IMG_8903.JPG
n/IMG_8904.JPG
n/IMG_8905.JPG
n/IMG_8907.JPG
n/IMG_8908.JPG
n/IMG_8911.JPG
n/IMG_8912.JPG
n/IMG_8913.JPG
n/IMG_8914.JPG
n/IMG_8915.JPG
n/IMG_8916.JPG
n/IMG_8917.JPG
n/IMG_8918.JPG
n/IMG_8920.JPG
n/IMG_8921.JPG
n/IMG_8922.JPG
n/IMG_8924.JPG
n/IMG_8926.JPG
n/IMG_8928.JPG
n/IMG_8930.JPG
n/IMG_8932.JPG
n/IMG_8933.JPG
n/IMG_8934.JPG
n/IMG_8935.JPG
n/IMG_8936.JPG
n/IMG_8937.JPG
n/IMG_8939.JPG
n/IMG_8940.JPG
n/IMG_8941.JPG
n/IMG_8942.JPG
n/IMG_8943.JPG
n/IMG_8944.JPG
n/IMG_8945.JPG
n/IMG_8946.JPG
n/IMG_8948.JPG
n/IMG_8949.JPG
n/IMG_8950.JPG
n/IMG_8951.JPG
n/IMG_8952.JPG
n/IMG_8953.JPG
n/IMG_8954.JPG
n/IMG_8955.JPG
n/IMG_8956.JPG
n/IMG_8957.JPG
n/IMG_8958.JPG
n/IMG_8959.JPG
n/IMG_8960.JPG
n/IMG_8961.JPG
n/IMG_5755.JPG
n/IMG_5760.JPG
n/IMG_5763.JPG
n/IMG_5746.JPG
n/IMG_574612.JPG
n/IMG_5745.JPG
n/IMG_5744.JPG
n/IMG_5743.JPG
n/IMG_5742.JPG
n/IMG_5741.JPG
n/IMG_5740.JPG
n/IMG_57693.JPG
n/IMG_57692.JPG
n/IMG_57682.JPG
n/IMG_57681.JPG
n/IMG_57678.JPG
n/IMG_57676.JPG
n/IMG_57675.JPG
n/IMG_57674.JPG
n/IMG_57637.JPG
n/IMG_57673.JPG
n/IMG_57672.JPG
n/IMG_57671.JPG
n/IMG_57572.JPG
n/IMG_57571.JPG
n/IMG_57562.JPG
n/IMG_57561.JPG
n/IMG_57462.JPG
n/IMG_57461.JPG
n/IMG_57452.JPG
n/IMG_57451.JPG
n/IMG-20211205-WA0048.jpg
n/IMG-20211205-WA0053.jpg
n/IMG-20211205-WA0054.jpg
n/IMG-20211205-WA0055.jpg
n/IMG-20211218-WA0021.jpg
n/IMG-20211218-WA0022.jpg
n/IMG-20211218-WA0023.jpg
n/IMG-20211205-WA0032.jpg
n/IMG-20211205-WA0031.jpg
n/IMG-20211205-WA0030.jpg
n/IMG-20211205-WA0029.jpg
n/IMG-20211205-WA0028.jpg
n/IMG-20211203-WA0049.jpg
n/IMG-20211203-WA0046.jpg
n/IMG-20211203-WA0045.jpg
n/IMG-20211203-WA0044.jpg
n/IMG-20211201-WA0039.jpg
n/IMG-20211201-WA0038.jpg
n/IMG-20211201-WA0037.jpg
n/IMG-20211201-WA0036.jpg
n/IMG-20211201-WA0024.jpg
n/IMG-20211201-WA0023.jpg
n/IMG-20211201-WA0022.jpg
n/IMG-20211201-WA0017.jpg
n/IMG-20211201-WA0016.jpg
n/IMG-20211201-WA0015.jpg
n/IMG-20211201-WA0014.jpg
n/IMG-20211201-WA0012.jpg
n/IMG_20211210_192243.jpg
n/IMG_20211210_192239.jpg
n/IMG_20211210_192237.jpg
n/IMG_20211210_192233.jpg
n/IMG_20211210_192229.jpg
n/IMG_20211201_170247.jpg
n/IMG_20211201_170221.jpg
n/IMG_20211201_170119.jpg
n/IMG_20211201_170039.jpg
n/IMG_20211201_165954.jpg
n/1639980223772.jpeg
n/1639980223771.jpeg
n/1639980223770.jpeg
n/1639980223769.jpeg
n/1639980223768.jpeg
n/1639980223767.jpeg
n/1639980223766.jpeg
n/1639980223765.jpeg
n/1639980209435.jpeg
n/1639980209434.jpeg
n/1639980209433.jpeg
n/1639980209432.jpeg
n/1639980209431.jpeg
n/1639980209430.jpeg
n/1639980209429.jpeg
n/1639980209428.jpeg
n/1639980209427.jpeg
n/1639980209426.jpeg
n/20211220_124130.jpg
n/20211220_124125.jpg
n/20211220_124120.jpg
n/20211220_124117.jpg
n/20211220_124112.jpg
n/20211201_153544.jpg
n/20211201_153544(0).jpg
n/20211201_153534.jpg
n/20211201_153526.jpg
n/20211201_153520.jpg
n/20211201_143224.jpg
n/20211201_143208.jpg
n/20211201_143204.jpg
n/20211201_143156.jpg
n/20211201_143150.jpg
n/1.jpeg