p/12.jpg 1 0 0 114 145
p/11.jpg 1 0 0 98 121
p/DSC01270.JPG 1 0 0 259 304
p/IMG20200411144838.jpg 1 0 0 466 546
p/IMG202004111447041.jpg 1 0 0 343 377
p/IMG-20200516-WA01779.jpg 1 0 0 78 96
p/IMG-20200516-WA01778.jpg 1 0 0 78 81
p/IMG-20200516-WA01777.jpg 1 0 0 54 86
p/IMG-20200516-WA01776.jpg 1 0 0 74 82
p/IMG-20200516-WA01775.jpg 1 0 0 80 94
p/IMG-20200516-WA01774.jpg 1 0 0 62 76
p/IMG-20200516-WA01773.jpg 1 0 0 64 77
p/IMG-20200516-WA01772.jpg 1 0 0 77 102
p/IMG-20200516-WA01771.jpg 1 0 0 74 108
p/IMG-20200510-WA00116.jpg 1 0 0 87 86
p/IMG-20200510-WA00114.jpg 1 0 0 80 105
p/IMG-20200510-WA00113.jpg 1 0 0 79 96
p/IMG-20200510-WA00111.jpg 1 0 0 83 99
p/IMG-20200502-WA00412.jpg 1 0 0 92 111
p/IMG-20200502-WA00411.jpg 1 0 0 105 128
p/IMG-20200418-WA0019.jpg 1 0 0 300 380
p/IMG-20200418-WA00151.jpg 1 0 0 253 338
p/IMG-20200418-WA00102.jpg 1 0 0 117 139
p/IMG-20200418-WA00101.jpg 1 0 0 93 130
p/IMG-20200418-WA00092.jpg 1 0 0 105 120
p/IMG-20200418-WA00091.jpg 1 0 0 118 148
p/IMG-20200418-WA00081.jpg 1 0 0 239 280
p/IMG-20200418-WA00072.jpg 1 0 0 247 277
p/IMG-20200418-WA00071.jpg 1 0 0 224 285
p/IMG-20200404-WA00411.jpg 1 0 0 94 108
p/IMG-20200404-WA00365.jpg 1 0 0 72 72
p/IMG-20200404-WA00364.jpg 1 0 0 71 77
p/IMG-20200404-WA00363.jpg 1 0 0 76 106
p/IMG-20200404-WA00362.jpg 1 0 0 91 94
p/IMG-20200404-WA00361.jpg 1 0 0 129 157
p/IMG_1583.JPG 1 0 0 654 691
p/IMG_1531.JPG 1 0 0 1449 1878
p/IMG_1530.JPG 1 0 0 1370 1786
p/IMG_1529.JPG 1 0 0 1415 1801
p/IMG_1459.JPG 1 0 0 774 1003
p/DSCF63602.JPG 1 0 0 411 564
p/DSCF63601.JPG 1 0 0 405 580
p/DSCF63592.JPG 1 0 0 425 537
p/DSCF63591.JPG 1 0 0 480 517
p/DSCF63582.JPG 1 0 0 461 548
p/DSCF63581.JPG 1 0 0 423 611
p/DSCF6312.JPG 1 0 0 944 1093
p/DSCF6309.JPG 1 0 0 604 673
p/DSCF6247.JPG 1 0 0 583 647
p/DSCF62452.JPG 1 0 0 987 1051
p/DSCF62451.JPG 1 0 0 911 1160
p/DSCF62442.JPG 1 0 0 1007 1591
p/DSCF62441.JPG 1 0 0 1150 1258
p/DSC_0174.JPG 1 0 0 370 540
p/DSC_0173.JPG 1 0 0 319 466
p/IMG-20211218-WA0024.jpg 1 0 0 421 653
p/IMG-20211218-WA0020.jpg 1 0 0 474 589
p/IMG-20211218-WA0019.jpg 1 0 0 502 540
p/IMG-20211205-WA0052.jpg 1 0 0 427 617
p/IMG-20211205-WA0051.jpg 1 0 0 453 665
p/IMG-20211205-WA0050.jpg 1 0 0 467 628
p/IMG-20211205-WA0049.jpg 1 0 0 403 603
p/IMG-20211205-WA0037.jpg 1 0 0 513 769
p/IMG-20211205-WA0036.jpg 1 0 0 506 745
p/IMG-20211205-WA0035.jpg 1 0 0 505 821
p/IMG-20211205-WA0034.jpg 1 0 0 488 754
p/IMG-20211205-WA0033.jpg 1 0 0 460 722
p/IMG-20211203-WA0056.jpg 1 0 0 558 923
p/IMG-20211203-WA0053.jpg 1 0 0 530 892
p/IMG-20211203-WA0052.jpg 1 0 0 631 916
p/IMG-20211203-WA0050.jpg 1 0 0 590 994
p/IMG-20211201-WA0042.jpg 1 0 0 609 682
p/IMG-20211201-WA0041.jpg 1 0 0 614 713
p/IMG-20211201-WA0040.jpg 1 0 0 524 734
p/IMG-20211201-WA0023.jpg 1 0 0 628 809
p/IMG-20211201-WA0022.jpg 1 0 0 650 728
p/IMG-20211201-WA0021.jpg 1 0 0 586 973
p/IMG-20211201-WA0020.jpg 1 0 0 540 611
p/IMG-20211201-WA0019.jpg 1 0 0 562 807
p/IMG-20211201-WA0017.jpg 1 0 0 456 671
p/IMG-20211201-WA0016.jpg 1 0 0 594 619
p/IMG-20211201-WA0015.jpg 1 0 0 416 635
p/IMG-20211201-WA0014.jpg 1 0 0 616 643
p/IMG_20211210_192223.jpg 1 0 0 2219 3281
p/IMG_20211210_192218.jpg 1 0 0 2239 3440
p/IMG_20211210_192213.jpg 1 0 0 2116 3257
p/IMG_20211210_192210.jpg 1 0 0 2021 3293
p/IMG_20211210_192202.jpg 1 0 0 1825 3259
p/IMG_20211201_170408.jpg 1 0 0 1166 1709
p/IMG_20211201_170359.jpg 1 0 0 1089 1574
p/IMG_20211201_170343.jpg 1 0 0 1108 1676
p/IMG_20211201_170330.jpg 1 0 0 1158 1700
p/1639980319265.jpeg 1 0 0 590 855
p/1639980319264.jpeg 1 0 0 569 779
p/1639980319263.jpeg 1 0 0 583 823
p/1639980319262.jpeg 1 0 0 533 816
p/1639980319229.jpeg 1 0 0 503 685
p/1639980319228.jpeg 1 0 0 578 776
p/1639980319227.jpeg 1 0 0 502 700
p/1639980319226.jpeg 1 0 0 460 671
p/1639980319225.jpeg 1 0 0 525 671
p/1639980319224.jpeg 1 0 0 528 668
p/1639980319222.jpeg 1 0 0 499 611
p/1639980223786.jpeg 1 0 0 527 650
p/1639980223785.png 1 0 0 362 516
p/1639980223784.png 1 0 0 435 580
p/1639980223783.png 1 0 0 401 524
p/1639980223782.png 1 0 0 420 570
p/1639980223781.png 1 0 0 416 552
p/20211220_124214.jpg 1 0 0 1798 2136
p/20211220_124211.jpg 1 0 0 2111 3102
p/20211220_124208.jpg 1 0 0 2263 2795
p/20211220_124204.jpg 1 0 0 2267 2497
p/20211220_124200.jpg 1 0 0 1940 2824
p/20211201_175302.jpg 1 0 0 1832 2668
p/20211201_175258.jpg 1 0 0 1888 3000
p/20211201_175254.jpg 1 0 0 2002 2591
p/20211201_175250.jpg 1 0 0 2031 2661
p/20211201_175247.jpg 1 0 0 1742 2639
p/20211201_153808.jpg 1 0 0 1558 1975
p/20211201_153751.jpg 1 0 0 1640 2166
p/20211201_153750.jpg 1 0 0 1658 2145
p/20211201_153726.jpg 1 0 0 1623 2031
p/20211201_153720.jpg 1 0 0 1502 2015